2020-08-11 03:57:16 INFO  TestBase:113 - =====Application Started=====
2020-08-11 03:57:20 INFO  TestBase:15 - ..........Test execution for getTitleOfThePage started...........
2020-08-11 03:57:21 INFO  TestBase:22 - Test getTitleOfThePage Passed....
2020-08-11 03:57:21 INFO  TestBase:45 - =====Browser Session End=====
2020-08-11 03:57:27 INFO  TestBase:113 - =====Application Started=====
2020-08-11 03:57:30 INFO  TestBase:15 - ..........Test execution for getTitleOfThePage started...........
2020-08-11 03:57:30 INFO  TestBase:22 - Test getTitleOfThePage Passed....
2020-08-11 03:57:31 INFO  TestBase:43 - =====Browser Session End=====
2020-08-11 03:57:37 INFO  TestBase:113 - =====Application Started=====
2020-08-11 03:57:39 INFO  TestBase:15 - ..........Test execution for fillSignUpFormWithValidTestData started...........
2020-08-11 03:57:44 INFO  TestBase:22 - Test fillSignUpFormWithValidTestData Passed....
2020-08-11 03:57:45 INFO  TestBase:130 - =====Browser Session End=====
2020-08-11 03:57:50 INFO  TestBase:113 - =====Application Started=====
2020-08-11 03:57:53 INFO  TestBase:15 - ..........Test execution for fillSignUpFormWithValidTestData started...........
2020-08-11 03:57:57 INFO  TestBase:22 - Test fillSignUpFormWithValidTestData Passed....
2020-08-11 03:57:58 INFO  TestBase:130 - =====Browser Session End=====
2020-08-11 03:58:03 INFO  TestBase:113 - =====Application Started=====
2020-08-11 03:58:05 INFO  TestBase:15 - ..........Test execution for fillSignUpFormWithValidTestData started...........
2020-08-11 03:58:10 INFO  TestBase:22 - Test fillSignUpFormWithValidTestData Passed....
2020-08-11 03:58:11 INFO  TestBase:130 - =====Browser Session End=====
2020-08-11 03:58:16 INFO  TestBase:113 - =====Application Started=====
2020-08-11 03:58:18 INFO  TestBase:15 - ..........Test execution for fillSignUpFormWithNegativeTestData started...........
2020-08-11 03:58:19 INFO  TestBase:22 - Test fillSignUpFormWithNegativeTestData Passed....
2020-08-11 03:58:20 INFO  TestBase:130 - =====Browser Session End=====
2020-08-11 03:58:26 INFO  TestBase:113 - =====Application Started=====
2020-08-11 03:58:27 INFO  TestBase:15 - ..........Test execution for fillSignUpFormWithNegativeTestData started...........
2020-08-11 03:58:28 INFO  TestBase:22 - Test fillSignUpFormWithNegativeTestData Passed....
2020-08-11 03:58:29 INFO  TestBase:130 - =====Browser Session End=====
2020-08-11 04:23:29 INFO  TestBase:113 - =====Application Started=====
2020-08-11 04:23:49 INFO  TestBase:132 - =====Browser Session End=====
2020-08-11 04:23:55 INFO  TestBase:113 - =====Application Started=====
2020-08-11 04:24:02 INFO  TestBase:132 - =====Browser Session End=====
2020-08-11 04:24:07 INFO  TestBase:113 - =====Application Started=====
2020-08-11 04:24:14 INFO  TestBase:132 - =====Browser Session End=====
2020-08-11 04:24:20 INFO  TestBase:113 - =====Application Started=====
2020-08-11 04:24:24 INFO  TestBase:132 - =====Browser Session End=====
2020-08-11 04:24:29 INFO  TestBase:113 - =====Application Started=====
2020-08-11 04:24:33 INFO  TestBase:132 - =====Browser Session End=====
2020-08-11 05:20:47 INFO  TestBase:113 - =====Application Started=====
2020-08-11 05:20:52 INFO  TestBase:132 - =====Browser Session End=====
2020-08-11 05:20:57 INFO  TestBase:113 - =====Application Started=====
2020-08-11 05:21:01 INFO  TestBase:132 - =====Browser Session End=====
2020-08-15 00:26:02 INFO  TestBase:113 - =====Application Started=====
2020-08-15 00:26:07 INFO  TestBase:45 - =====Browser Session End=====
2020-08-15 00:33:04 INFO  TestBase:113 - =====Application Started=====
2020-08-15 00:33:09 INFO  TestBase:45 - =====Browser Session End=====
2020-08-15 00:36:20 INFO  TestBase:113 - =====Application Started=====
2020-08-15 00:36:24 INFO  TestBase:47 - =====Browser Session End=====
2020-08-15 00:37:06 INFO  TestBase:113 - =====Application Started=====
2020-08-15 00:37:12 INFO  TestBase:48 - =====Browser Session End=====
2020-08-15 00:40:38 INFO  TestBase:113 - =====Application Started=====
2020-08-15 00:40:41 INFO  TestBase:49 - =====Browser Session End=====
2020-08-15 00:40:47 INFO  TestBase:113 - =====Application Started=====
2020-08-15 00:40:51 INFO  TestBase:49 - =====Browser Session End=====
2020-08-15 00:40:57 INFO  TestBase:113 - =====Application Started=====
2020-08-15 00:41:01 INFO  TestBase:49 - =====Browser Session End=====
2020-08-15 00:41:06 INFO  TestBase:113 - =====Application Started=====
2020-08-15 00:41:11 INFO  TestBase:49 - =====Browser Session End=====
2020-08-15 00:41:17 INFO  TestBase:113 - =====Application Started=====
2020-08-15 00:41:20 INFO  TestBase:49 - =====Browser Session End=====
2020-08-15 00:41:26 INFO  TestBase:113 - =====Application Started=====
2020-08-15 00:41:31 INFO  TestBase:49 - =====Browser Session End=====
2020-08-15 00:41:36 INFO  TestBase:113 - =====Application Started=====
2020-08-15 00:41:40 INFO  TestBase:49 - =====Browser Session End=====
2020-08-15 00:41:45 INFO  TestBase:113 - =====Application Started=====
2020-08-15 00:41:49 INFO  TestBase:49 - =====Browser Session End=====
2020-08-15 00:41:54 INFO  TestBase:113 - =====Application Started=====
2020-08-15 00:41:58 INFO  TestBase:49 - =====Browser Session End=====
2020-08-15 00:42:03 INFO  TestBase:113 - =====Application Started=====
2020-08-15 00:42:07 INFO  TestBase:49 - =====Browser Session End=====
2020-08-15 00:44:40 INFO  TestBase:113 - =====Application Started=====
2020-08-15 00:44:46 INFO  TestBase:48 - =====Browser Session End=====
2020-08-15 00:44:51 INFO  TestBase:113 - =====Application Started=====
2020-08-15 00:44:58 INFO  TestBase:48 - =====Browser Session End=====
2020-08-15 00:45:03 INFO  TestBase:113 - =====Application Started=====
2020-08-15 00:45:09 INFO  TestBase:48 - =====Browser Session End=====
2020-08-15 00:46:24 INFO  TestBase:113 - =====Application Started=====
2020-08-15 00:46:30 INFO  TestBase:48 - =====Browser Session End=====
2020-08-15 00:46:35 INFO  TestBase:113 - =====Application Started=====
2020-08-15 00:46:41 INFO  TestBase:48 - =====Browser Session End=====
2020-08-15 00:46:46 INFO  TestBase:113 - =====Application Started=====
2020-08-15 00:47:50 INFO  TestBase:113 - =====Application Started=====
2020-08-15 00:47:55 INFO  TestBase:48 - =====Browser Session End=====
2020-08-15 00:48:01 INFO  TestBase:113 - =====Application Started=====
2020-08-15 00:48:07 INFO  TestBase:48 - =====Browser Session End=====
2020-08-15 00:48:13 INFO  TestBase:113 - =====Application Started=====
2020-08-15 00:48:19 INFO  TestBase:48 - =====Browser Session End=====
2020-08-15 00:48:24 INFO  TestBase:113 - =====Application Started=====
2020-08-15 00:48:30 INFO  TestBase:48 - =====Browser Session End=====
2020-08-15 00:48:36 INFO  TestBase:113 - =====Application Started=====
2020-08-15 00:48:42 INFO  TestBase:48 - =====Browser Session End=====
2020-08-15 00:49:28 INFO  TestBase:113 - =====Application Started=====
2020-08-15 00:49:34 INFO  TestBase:48 - =====Browser Session End=====
2020-08-15 00:49:39 INFO  TestBase:113 - =====Application Started=====
2020-08-15 00:49:44 INFO  TestBase:48 - =====Browser Session End=====
2020-08-15 00:49:50 INFO  TestBase:113 - =====Application Started=====
2020-08-15 00:49:55 INFO  TestBase:48 - =====Browser Session End=====
2020-08-15 00:50:01 INFO  TestBase:113 - =====Application Started=====
2020-08-15 00:50:06 INFO  TestBase:48 - =====Browser Session End=====
2020-08-15 00:50:12 INFO  TestBase:113 - =====Application Started=====
2020-08-15 00:50:17 INFO  TestBase:48 - =====Browser Session End=====
2020-08-15 00:52:20 INFO  TestBase:113 - =====Application Started=====
2020-08-15 00:52:51 INFO  TestBase:113 - =====Application Started=====
2020-08-15 00:52:56 INFO  TestBase:48 - =====Browser Session End=====
2020-08-15 00:53:02 INFO  TestBase:113 - =====Application Started=====
2020-08-15 00:53:07 INFO  TestBase:48 - =====Browser Session End=====
2020-08-15 00:53:13 INFO  TestBase:113 - =====Application Started=====
2020-08-15 00:53:19 INFO  TestBase:48 - =====Browser Session End=====
2020-08-15 00:53:25 INFO  TestBase:113 - =====Application Started=====
2020-08-15 00:53:30 INFO  TestBase:48 - =====Browser Session End=====
2020-08-15 00:53:36 INFO  TestBase:113 - =====Application Started=====
2020-08-15 00:53:41 INFO  TestBase:48 - =====Browser Session End=====
2020-08-22 01:39:48 INFO  TestBase:113 - =====Application Started=====
2020-08-22 01:39:52 INFO  TestBase:15 - ..........Test execution for getTitleOfThePage started...........
2020-08-22 01:39:52 INFO  TestBase:22 - Test getTitleOfThePage Passed....
2020-08-22 01:39:53 INFO  TestBase:45 - =====Browser Session End=====
2020-08-22 01:39:59 INFO  TestBase:113 - =====Application Started=====
2020-08-22 01:40:02 INFO  TestBase:15 - ..........Test execution for getTitleOfThePage started...........
2020-08-22 01:40:02 INFO  TestBase:22 - Test getTitleOfThePage Passed....
2020-08-22 01:40:03 INFO  TestBase:43 - =====Browser Session End=====
2020-08-22 01:40:10 INFO  TestBase:113 - =====Application Started=====
2020-08-22 01:40:15 INFO  TestBase:15 - ..........Test execution for fillSignUpFormWithValidTestData started...........
2020-08-22 01:40:27 INFO  TestBase:18 - Retrying Failed Test Case
2020-08-22 01:40:27 INFO  TestBase:39 - ..........Test fillSignUpFormWithValidTestData Execution Skipped!!!!!
2020-08-22 01:40:28 INFO  TestBase:133 - =====Browser Session End=====
2020-08-22 01:40:33 INFO  TestBase:113 - =====Application Started=====
2020-08-22 01:40:35 INFO  TestBase:15 - ..........Test execution for fillSignUpFormWithValidTestData started...........
2020-08-22 01:40:47 INFO  TestBase:18 - Retrying Failed Test Case
2020-08-22 01:40:47 INFO  TestBase:39 - ..........Test fillSignUpFormWithValidTestData Execution Skipped!!!!!
2020-08-22 01:40:48 INFO  TestBase:133 - =====Browser Session End=====
2020-08-22 01:40:54 INFO  TestBase:113 - =====Application Started=====
2020-08-22 01:40:56 INFO  TestBase:15 - ..........Test execution for fillSignUpFormWithValidTestData started...........
2020-08-22 01:41:07 INFO  TestBase:18 - Retrying Failed Test Case
2020-08-22 01:41:07 INFO  TestBase:29 - ..........Test fillSignUpFormWithValidTestData Failed...........Taking Screen Shot!!!!!
2020-08-22 01:41:08 INFO  TestBase:133 - =====Browser Session End=====
2020-08-22 01:41:14 INFO  TestBase:113 - =====Application Started=====
2020-08-22 01:41:16 INFO  TestBase:15 - ..........Test execution for fillSignUpFormWithValidTestData started...........
2020-08-22 01:41:28 INFO  TestBase:18 - Retrying Failed Test Case
2020-08-22 01:41:28 INFO  TestBase:29 - ..........Test fillSignUpFormWithValidTestData Failed...........Taking Screen Shot!!!!!
2020-08-22 01:41:29 INFO  TestBase:133 - =====Browser Session End=====
2020-08-22 01:41:35 INFO  TestBase:113 - =====Application Started=====
2020-08-22 01:41:37 INFO  TestBase:15 - ..........Test execution for fillSignUpFormWithValidTestData started...........
2020-08-22 01:41:48 INFO  TestBase:18 - Retrying Failed Test Case
2020-08-22 01:41:48 INFO  TestBase:29 - ..........Test fillSignUpFormWithValidTestData Failed...........Taking Screen Shot!!!!!
2020-08-22 01:41:49 INFO  TestBase:133 - =====Browser Session End=====
2020-08-22 01:41:55 INFO  TestBase:113 - =====Application Started=====
2020-08-22 01:41:57 INFO  TestBase:15 - ..........Test execution for fillSignUpFormWithValidTestData started...........
2020-08-22 01:42:09 INFO  TestBase:18 - Retrying Failed Test Case
2020-08-22 01:42:09 INFO  TestBase:29 - ..........Test fillSignUpFormWithValidTestData Failed...........Taking Screen Shot!!!!!
2020-08-22 01:42:10 INFO  TestBase:133 - =====Browser Session End=====
2020-08-22 01:42:16 INFO  TestBase:113 - =====Application Started=====
2020-08-22 01:42:17 INFO  TestBase:15 - ..........Test execution for fillSignUpFormWithValidTestData started...........
2020-08-22 01:42:29 INFO  TestBase:18 - Retrying Failed Test Case
2020-08-22 01:42:29 INFO  TestBase:29 - ..........Test fillSignUpFormWithValidTestData Failed...........Taking Screen Shot!!!!!
2020-08-22 01:42:30 INFO  TestBase:133 - =====Browser Session End=====
2020-08-22 01:42:36 INFO  TestBase:113 - =====Application Started=====
2020-08-22 01:42:38 INFO  TestBase:15 - ..........Test execution for fillSignUpFormWithNegativeTestData started...........
2020-08-22 01:42:39 INFO  TestBase:22 - Test fillSignUpFormWithNegativeTestData Passed....
2020-08-22 01:42:40 INFO  TestBase:133 - =====Browser Session End=====
2020-08-22 01:42:45 INFO  TestBase:113 - =====Application Started=====
2020-08-22 01:42:48 INFO  TestBase:15 - ..........Test execution for fillSignUpFormWithNegativeTestData started...........
2020-08-22 01:42:49 INFO  TestBase:22 - Test fillSignUpFormWithNegativeTestData Passed....
2020-08-22 01:42:49 INFO  TestBase:133 - =====Browser Session End=====
2020-08-22 01:42:55 INFO  TestBase:113 - =====Application Started=====
2020-08-22 01:42:57 INFO  TestBase:15 - ..........Test execution for test started...........
2020-08-22 01:42:57 INFO  TestBase:18 - Retrying Failed Test Case
2020-08-22 01:42:57 INFO  TestBase:39 - ..........Test test Execution Skipped!!!!!
2020-08-22 01:42:58 INFO  TestBase:133 - =====Browser Session End=====
2020-08-22 01:43:03 INFO  TestBase:113 - =====Application Started=====
2020-08-22 01:43:05 INFO  TestBase:15 - ..........Test execution for test started...........
2020-08-22 01:43:05 INFO  TestBase:18 - Retrying Failed Test Case
2020-08-22 01:43:05 INFO  TestBase:39 - ..........Test test Execution Skipped!!!!!
2020-08-22 01:43:06 INFO  TestBase:133 - =====Browser Session End=====
2020-08-22 01:43:12 INFO  TestBase:113 - =====Application Started=====
2020-08-22 01:43:14 INFO  TestBase:15 - ..........Test execution for test started...........
2020-08-22 01:43:14 INFO  TestBase:18 - Retrying Failed Test Case
2020-08-22 01:43:14 INFO  TestBase:29 - ..........Test test Failed...........Taking Screen Shot!!!!!
2020-08-22 01:43:16 INFO  TestBase:133 - =====Browser Session End=====
2020-09-06 19:02:38 INFO  TestBase:39 - ..........Test getTitleOfThePage Execution Skipped!!!!!
2020-09-06 19:02:40 INFO  TestBase:39 - ..........Test getTitleOfThePage Execution Skipped!!!!!
2020-09-06 19:02:42 INFO  TestBase:39 - ..........Test fillSignUpFormWithValidTestData Execution Skipped!!!!!
2020-09-06 19:02:42 INFO  TestBase:39 - ..........Test fillSignUpFormWithValidTestData Execution Skipped!!!!!
2020-09-06 19:02:42 INFO  TestBase:39 - ..........Test fillSignUpFormWithValidTestData Execution Skipped!!!!!
2020-09-06 19:02:43 INFO  TestBase:39 - ..........Test fillSignUpFormWithNegativeTestData Execution Skipped!!!!!
2020-09-06 19:02:43 INFO  TestBase:39 - ..........Test fillSignUpFormWithNegativeTestData Execution Skipped!!!!!
2020-09-06 19:02:43 INFO  TestBase:39 - ..........Test test Execution Skipped!!!!!
2020-09-06 19:45:37 INFO  TestBase:115 - =====Application Started=====
2020-09-06 19:45:41 INFO  TestBase:15 - ..........Test execution for getTitleOfThePage started...........
2020-09-06 19:45:41 INFO  TestBase:22 - Test getTitleOfThePage Passed....
2020-09-06 19:45:48 INFO  TestBase:45 - =====Browser Session End=====
2020-09-06 19:45:53 INFO  TestBase:115 - =====Application Started=====
2020-09-06 19:45:57 INFO  TestBase:15 - ..........Test execution for getTitleOfThePage started...........
2020-09-06 19:45:57 INFO  TestBase:22 - Test getTitleOfThePage Passed....
2020-09-06 19:46:03 INFO  TestBase:43 - =====Browser Session End=====
2020-09-06 19:46:08 INFO  TestBase:115 - =====Application Started=====
2020-09-06 19:46:14 INFO  TestBase:15 - ..........Test execution for fillSignUpFormWithValidTestData started...........
2020-09-06 19:46:26 INFO  TestBase:18 - Retrying Failed Test Case
2020-09-06 19:46:26 INFO  TestBase:39 - ..........Test fillSignUpFormWithValidTestData Execution Skipped!!!!!
2020-09-06 19:46:32 INFO  TestBase:133 - =====Browser Session End=====
2020-09-06 23:50:16 INFO  TestBase:115 - =====Application Started=====
2020-09-06 23:50:32 INFO  TestBase:140 - =====Browser Session End=====
2020-09-06 23:53:22 INFO  TestBase:115 - =====Application Started=====
2020-09-06 23:53:35 INFO  TestBase:140 - =====Browser Session End=====
2020-09-06 23:53:40 INFO  TestBase:115 - =====Application Started=====
2020-09-06 23:53:54 INFO  TestBase:140 - =====Browser Session End=====
2020-09-06 23:53:59 INFO  TestBase:115 - =====Application Started=====
2020-09-06 23:54:13 INFO  TestBase:140 - =====Browser Session End=====
2020-09-06 23:54:17 INFO  TestBase:115 - =====Application Started=====
2020-09-06 23:54:32 INFO  TestBase:140 - =====Browser Session End=====
2020-09-06 23:54:36 INFO  TestBase:115 - =====Application Started=====
2020-09-06 23:54:48 INFO  TestBase:140 - =====Browser Session End=====
2020-09-06 23:54:52 INFO  TestBase:115 - =====Application Started=====
2020-09-06 23:55:04 INFO  TestBase:140 - =====Browser Session End=====
2020-09-08 11:25:14 INFO  TestBase:110 - =====Application Started=====
2020-09-08 11:25:22 INFO  TestBase:15 - ..........Test execution for getTitleOfThePage started...........
2020-09-08 11:25:22 INFO  TestBase:22 - Test getTitleOfThePage Passed....
2020-09-08 11:25:31 INFO  TestBase:45 - =====Browser Session End=====
2020-09-08 11:25:35 INFO  TestBase:110 - =====Application Started=====
2020-09-08 11:25:43 INFO  TestBase:15 - ..........Test execution for getTitleOfThePage started...........
2020-09-08 11:25:43 INFO  TestBase:22 - Test getTitleOfThePage Passed....
2020-09-08 11:25:49 INFO  TestBase:43 - =====Browser Session End=====
2020-09-08 11:25:56 INFO  TestBase:110 - =====Application Started=====
2020-09-08 11:25:59 INFO  TestBase:15 - ..........Test execution for fillSignUpFormWithValidTestData started...........
2020-09-08 11:26:01 INFO  TestBase:18 - Retrying Failed Test Case
2020-09-08 11:26:01 INFO  TestBase:39 - ..........Test fillSignUpFormWithValidTestData Execution Skipped!!!!!
2020-09-08 11:26:06 INFO  TestBase:153 - =====Browser Session End=====
2020-09-08 11:26:13 INFO  TestBase:110 - =====Application Started=====
2020-09-08 11:26:24 INFO  TestBase:15 - ..........Test execution for fillSignUpFormWithValidTestData started...........
2020-09-08 11:26:27 INFO  TestBase:18 - Retrying Failed Test Case
2020-09-08 11:26:27 INFO  TestBase:39 - ..........Test fillSignUpFormWithValidTestData Execution Skipped!!!!!
2020-09-08 11:26:32 INFO  TestBase:153 - =====Browser Session End=====
2020-09-08 11:26:37 INFO  TestBase:110 - =====Application Started=====
2020-09-08 11:26:47 INFO  TestBase:15 - ..........Test execution for fillSignUpFormWithValidTestData started...........
2020-09-08 11:26:48 INFO  TestBase:18 - Retrying Failed Test Case
2020-09-08 11:26:48 INFO  TestBase:29 - ..........Test fillSignUpFormWithValidTestData Failed...........Taking Screen Shot!!!!!
2020-09-08 11:26:54 INFO  TestBase:153 - =====Browser Session End=====
2020-09-08 11:26:58 INFO  TestBase:110 - =====Application Started=====
2020-09-08 11:27:03 INFO  TestBase:15 - ..........Test execution for fillSignUpFormWithValidTestData started...........
2020-09-08 11:27:05 INFO  TestBase:18 - Retrying Failed Test Case
2020-09-08 11:27:05 INFO  TestBase:29 - ..........Test fillSignUpFormWithValidTestData Failed...........Taking Screen Shot!!!!!
2020-09-08 11:27:13 INFO  TestBase:153 - =====Browser Session End=====
2020-09-08 11:27:18 INFO  TestBase:110 - =====Application Started=====
2020-09-08 11:27:26 INFO  TestBase:15 - ..........Test execution for fillSignUpFormWithValidTestData started...........
2020-09-08 11:27:27 INFO  TestBase:18 - Retrying Failed Test Case
2020-09-08 11:27:27 INFO  TestBase:29 - ..........Test fillSignUpFormWithValidTestData Failed...........Taking Screen Shot!!!!!
2020-09-08 11:27:34 INFO  TestBase:153 - =====Browser Session End=====
2020-09-08 11:27:39 INFO  TestBase:110 - =====Application Started=====
2020-09-08 11:27:42 INFO  TestBase:15 - ..........Test execution for fillSignUpFormWithValidTestData started...........
2020-09-08 11:27:45 INFO  TestBase:18 - Retrying Failed Test Case
2020-09-08 11:27:45 INFO  TestBase:29 - ..........Test fillSignUpFormWithValidTestData Failed...........Taking Screen Shot!!!!!
2020-09-08 11:27:52 INFO  TestBase:153 - =====Browser Session End=====
2020-09-08 11:27:58 INFO  TestBase:110 - =====Application Started=====
2020-09-08 11:28:02 INFO  TestBase:15 - ..........Test execution for fillSignUpFormWithValidTestData started...........
2020-09-08 11:28:03 INFO  TestBase:18 - Retrying Failed Test Case
2020-09-08 11:28:03 INFO  TestBase:29 - ..........Test fillSignUpFormWithValidTestData Failed...........Taking Screen Shot!!!!!
2020-09-08 11:28:12 INFO  TestBase:153 - =====Browser Session End=====
2020-09-08 11:28:18 INFO  TestBase:110 - =====Application Started=====
2020-09-08 11:28:24 INFO  TestBase:15 - ..........Test execution for fillSignUpFormWithNegativeTestData started...........
2020-09-08 11:28:24 INFO  TestBase:22 - Test fillSignUpFormWithNegativeTestData Passed....
2020-09-08 11:28:32 INFO  TestBase:153 - =====Browser Session End=====
2020-09-08 11:28:36 INFO  TestBase:110 - =====Application Started=====
2020-09-08 11:28:42 INFO  TestBase:15 - ..........Test execution for fillSignUpFormWithNegativeTestData started...........
2020-09-08 11:28:43 INFO  TestBase:22 - Test fillSignUpFormWithNegativeTestData Passed....
2020-09-08 11:28:50 INFO  TestBase:153 - =====Browser Session End=====
2020-09-08 11:28:56 INFO  TestBase:110 - =====Application Started=====
2020-09-08 11:28:57 INFO  TestBase:15 - ..........Test execution for test started...........
2020-09-08 11:28:57 INFO  TestBase:18 - Retrying Failed Test Case
2020-09-08 11:28:57 INFO  TestBase:39 - ..........Test test Execution Skipped!!!!!
2020-09-08 11:29:02 INFO  TestBase:153 - =====Browser Session End=====
2020-09-08 11:29:07 INFO  TestBase:110 - =====Application Started=====
2020-09-08 11:29:14 INFO  TestBase:15 - ..........Test execution for test started...........
2020-09-08 11:29:14 INFO  TestBase:18 - Retrying Failed Test Case
2020-09-08 11:29:14 INFO  TestBase:39 - ..........Test test Execution Skipped!!!!!
2020-09-08 11:29:19 INFO  TestBase:153 - =====Browser Session End=====
2020-09-08 11:29:24 INFO  TestBase:110 - =====Application Started=====
2020-09-08 11:29:31 INFO  TestBase:15 - ..........Test execution for test started...........
2020-09-08 11:29:31 INFO  TestBase:18 - Retrying Failed Test Case
2020-09-08 11:29:31 INFO  TestBase:29 - ..........Test test Failed...........Taking Screen Shot!!!!!
2020-09-08 11:29:37 INFO  TestBase:153 - =====Browser Session End=====
2020-09-08 13:38:07 INFO  TestBase:110 - =====Application Started=====
2020-09-08 13:38:12 INFO  TestBase:15 - ..........Test execution for getTitleOfThePage started...........
2020-09-08 13:38:12 INFO  TestBase:22 - Test getTitleOfThePage Passed....
2020-09-08 13:38:18 INFO  TestBase:45 - =====Browser Session End=====
2020-09-08 13:38:23 INFO  TestBase:110 - =====Application Started=====
2020-09-08 13:38:26 INFO  TestBase:15 - ..........Test execution for getTitleOfThePage started...........
2020-09-08 13:38:26 INFO  TestBase:22 - Test getTitleOfThePage Passed....
2020-09-08 13:38:31 INFO  TestBase:43 - =====Browser Session End=====
2020-10-12 19:48:24 INFO  TestBase:114 - =====Application Started=====
2020-10-12 19:48:32 INFO  TestBase:51 - =====Browser Session End=====
2020-10-12 19:48:38 INFO  TestBase:114 - =====Application Started=====
2020-10-12 19:48:44 INFO  TestBase:51 - =====Browser Session End=====
2020-10-12 19:48:50 INFO  TestBase:114 - =====Application Started=====
2020-10-12 19:48:56 INFO  TestBase:51 - =====Browser Session End=====
2020-10-12 19:49:02 INFO  TestBase:114 - =====Application Started=====
2020-10-12 19:49:10 INFO  TestBase:51 - =====Browser Session End=====
2020-10-12 19:49:15 INFO  TestBase:114 - =====Application Started=====
2020-10-12 19:49:21 INFO  TestBase:51 - =====Browser Session End=====
2020-10-12 19:55:09 INFO  TestBase:114 - =====Application Started=====
2020-10-12 19:55:14 INFO  TestBase:51 - =====Browser Session End=====
2020-10-12 19:55:20 INFO  TestBase:114 - =====Application Started=====
2020-10-12 19:55:26 INFO  TestBase:51 - =====Browser Session End=====
2020-10-12 19:55:32 INFO  TestBase:114 - =====Application Started=====
2020-10-12 19:55:40 INFO  TestBase:51 - =====Browser Session End=====
2020-10-20 11:05:28 INFO  TestBase:114 - =====Application Started=====
2020-10-20 11:05:34 INFO  TestBase:51 - =====Browser Session End=====
2020-10-20 11:05:40 INFO  TestBase:114 - =====Application Started=====
2020-10-20 11:05:52 INFO  TestBase:51 - =====Browser Session End=====
2020-10-20 11:05:58 INFO  TestBase:114 - =====Application Started=====
2020-10-20 11:06:04 INFO  TestBase:51 - =====Browser Session End=====
2020-10-24 15:40:50 INFO  TestBase:108 - =====Application Started=====
2020-10-24 15:40:55 INFO  TestBase:51 - =====Browser Session End=====
2020-10-24 15:41:01 INFO  TestBase:108 - =====Application Started=====
2020-10-24 15:41:06 INFO  TestBase:51 - =====Browser Session End=====
2020-10-24 15:41:12 INFO  TestBase:108 - =====Application Started=====
2020-10-24 15:41:17 INFO  TestBase:51 - =====Browser Session End=====
2020-10-24 15:42:13 INFO  TestBase:108 - =====Application Started=====
2020-10-24 15:42:17 INFO  TestBase:51 - =====Browser Session End=====
2020-10-24 15:42:23 INFO  TestBase:108 - =====Application Started=====
2020-10-24 15:42:29 INFO  TestBase:51 - =====Browser Session End=====
2020-10-24 15:42:35 INFO  TestBase:108 - =====Application Started=====
2020-10-24 15:42:41 INFO  TestBase:51 - =====Browser Session End=====
2020-10-24 15:42:47 INFO  TestBase:108 - =====Application Started=====
2020-10-24 15:42:52 INFO  TestBase:43 - =====Browser Session End=====
2020-10-24 15:42:58 INFO  TestBase:108 - =====Application Started=====
2020-10-24 15:43:03 INFO  TestBase:45 - =====Browser Session End=====
2020-10-24 15:43:10 INFO  TestBase:108 - =====Application Started=====
2020-10-24 15:43:16 INFO  TestBase:155 - =====Browser Session End=====
2020-10-24 15:43:21 INFO  TestBase:108 - =====Application Started=====
2020-10-24 15:43:26 INFO  TestBase:155 - =====Browser Session End=====
2020-10-24 15:43:31 INFO  TestBase:108 - =====Application Started=====
2020-10-24 15:43:36 INFO  TestBase:155 - =====Browser Session End=====
2020-10-24 15:43:42 INFO  TestBase:108 - =====Application Started=====
2020-10-24 15:43:46 INFO  TestBase:155 - =====Browser Session End=====
2020-10-24 15:43:51 INFO  TestBase:108 - =====Application Started=====
2020-10-24 15:43:56 INFO  TestBase:155 - =====Browser Session End=====
2020-10-24 15:44:02 INFO  TestBase:108 - =====Application Started=====
2020-10-24 15:44:04 INFO  TestBase:155 - =====Browser Session End=====
2020-10-24 15:57:19 INFO  TestBase:108 - =====Application Started=====
2020-10-24 15:57:24 INFO  TestBase:51 - =====Browser Session End=====
2020-10-24 15:57:29 INFO  TestBase:108 - =====Application Started=====
2020-10-24 15:57:35 INFO  TestBase:51 - =====Browser Session End=====
2020-10-24 15:57:41 INFO  TestBase:108 - =====Application Started=====
2020-10-24 15:57:46 INFO  TestBase:51 - =====Browser Session End=====
2020-10-24 15:57:52 INFO  TestBase:108 - =====Application Started=====
2020-10-24 15:57:56 INFO  TestBase:43 - =====Browser Session End=====
2020-10-24 15:58:02 INFO  TestBase:108 - =====Application Started=====
2020-10-24 15:58:07 INFO  TestBase:45 - =====Browser Session End=====
2020-10-24 15:58:13 INFO  TestBase:108 - =====Application Started=====
2020-10-24 15:58:18 INFO  TestBase:155 - =====Browser Session End=====
2020-10-24 15:58:23 INFO  TestBase:108 - =====Application Started=====
2020-10-24 15:58:28 INFO  TestBase:155 - =====Browser Session End=====
2020-10-24 15:58:33 INFO  TestBase:108 - =====Application Started=====
2020-10-24 15:58:37 INFO  TestBase:155 - =====Browser Session End=====
2020-10-24 15:58:43 INFO  TestBase:108 - =====Application Started=====
2020-10-24 15:58:48 INFO  TestBase:155 - =====Browser Session End=====
2020-10-24 15:58:53 INFO  TestBase:108 - =====Application Started=====
2020-10-24 15:58:57 INFO  TestBase:155 - =====Browser Session End=====
2020-10-24 15:59:03 INFO  TestBase:108 - =====Application Started=====
2020-10-24 15:59:06 INFO  TestBase:155 - =====Browser Session End=====
2020-11-05 12:29:41 INFO  TestBase:109 - =====Application Started=====
2020-11-05 12:29:46 INFO  TestBase:15 - ..........Test execution for getTitleOfThePage started...........
2020-11-05 12:29:47 INFO  TestBase:22 - Test getTitleOfThePage Passed....
2020-11-05 12:29:48 INFO  TestBase:45 - =====Browser Session End=====
2020-11-05 12:29:54 INFO  TestBase:109 - =====Application Started=====
2020-11-05 12:29:57 INFO  TestBase:15 - ..........Test execution for getTitleOfThePage started...........
2020-11-05 12:29:58 INFO  TestBase:22 - Test getTitleOfThePage Passed....
2020-11-05 12:29:58 INFO  TestBase:43 - =====Browser Session End=====
2020-11-05 12:30:05 INFO  TestBase:109 - =====Application Started=====
2020-11-05 12:30:07 INFO  TestBase:15 - ..........Test execution for fillSignUpFormWithNegativeTestData started...........
2020-11-05 12:30:08 INFO  TestBase:22 - Test fillSignUpFormWithNegativeTestData Passed....
2020-11-05 12:30:09 INFO  TestBase:155 - =====Browser Session End=====
2020-11-05 12:30:15 INFO  TestBase:109 - =====Application Started=====
2020-11-05 12:30:17 INFO  TestBase:15 - ..........Test execution for fillSignUpFormWithNegativeTestData started...........
2020-11-05 12:30:18 INFO  TestBase:22 - Test fillSignUpFormWithNegativeTestData Passed....
2020-11-05 12:30:19 INFO  TestBase:155 - =====Browser Session End=====
2020-11-05 12:30:25 INFO  TestBase:109 - =====Application Started=====
2020-11-05 12:30:27 INFO  TestBase:15 - ..........Test execution for test started...........
2020-11-05 12:30:27 INFO  TestBase:18 - Retrying Failed Test Case
2020-11-05 12:30:27 INFO  TestBase:39 - ..........Test test Execution Skipped!!!!!
2020-11-05 12:30:27 INFO  TestBase:155 - =====Browser Session End=====
2020-11-05 12:30:33 INFO  TestBase:109 - =====Application Started=====
2020-11-05 12:30:35 INFO  TestBase:15 - ..........Test execution for test started...........
2020-11-05 12:30:35 INFO  TestBase:18 - Retrying Failed Test Case
2020-11-05 12:30:35 INFO  TestBase:29 - ..........Test test Failed...........Taking Screen Shot!!!!!
2020-11-05 12:30:36 INFO  TestBase:155 - =====Browser Session End=====
2020-11-05 13:37:36 INFO  TestBase:109 - =====Application Started=====
2020-11-05 13:37:40 INFO  TestBase:15 - ..........Test execution for getTitleOfThePage started...........
2020-11-05 13:37:40 INFO  TestBase:18 - Retrying Failed Test Case
2020-11-05 13:37:40 INFO  TestBase:39 - ..........Test getTitleOfThePage Execution Skipped!!!!!
2020-11-05 13:37:41 INFO  TestBase:45 - =====Browser Session End=====
2020-11-05 13:37:47 INFO  TestBase:109 - =====Application Started=====
2020-11-05 13:37:50 INFO  TestBase:15 - ..........Test execution for getTitleOfThePage started...........
2020-11-05 13:37:51 INFO  TestBase:18 - Retrying Failed Test Case
2020-11-05 13:37:51 INFO  TestBase:29 - ..........Test getTitleOfThePage Failed...........Taking Screen Shot!!!!!
2020-11-05 13:37:52 INFO  TestBase:45 - =====Browser Session End=====
2020-11-05 13:37:57 INFO  TestBase:109 - =====Application Started=====
2020-11-05 13:38:01 INFO  TestBase:15 - ..........Test execution for getTitleOfThePage started...........
2020-11-05 13:38:01 INFO  TestBase:22 - Test getTitleOfThePage Passed....
2020-11-05 13:38:02 INFO  TestBase:43 - =====Browser Session End=====
2020-11-05 13:38:08 INFO  TestBase:109 - =====Application Started=====
2020-11-05 13:38:10 INFO  TestBase:15 - ..........Test execution for fillSignUpFormWithNegativeTestData started...........
2020-11-05 13:38:11 INFO  TestBase:22 - Test fillSignUpFormWithNegativeTestData Passed....
2020-11-05 13:38:12 INFO  TestBase:155 - =====Browser Session End=====
2020-11-05 13:38:17 INFO  TestBase:109 - =====Application Started=====
2020-11-05 13:38:19 INFO  TestBase:15 - ..........Test execution for fillSignUpFormWithNegativeTestData started...........
2020-11-05 13:38:20 INFO  TestBase:22 - Test fillSignUpFormWithNegativeTestData Passed....
2020-11-05 13:38:21 INFO  TestBase:155 - =====Browser Session End=====
2020-11-05 13:38:26 INFO  TestBase:109 - =====Application Started=====
2020-11-05 13:38:28 INFO  TestBase:15 - ..........Test execution for test started...........
2020-11-05 13:38:28 INFO  TestBase:22 - Test test Passed....
2020-11-05 13:38:29 INFO  TestBase:155 - =====Browser Session End=====
2020-11-23 13:41:32 INFO  TestBase:109 - =====Application Started=====
2020-11-23 13:41:40 INFO  TestBase:51 - =====Browser Session End=====
2020-11-23 13:41:46 INFO  TestBase:109 - =====Application Started=====
2020-11-23 13:41:59 INFO  TestBase:51 - =====Browser Session End=====
2020-11-23 13:42:05 INFO  TestBase:109 - =====Application Started=====
2020-11-23 13:42:18 INFO  TestBase:51 - =====Browser Session End=====
2020-11-23 14:58:49 INFO  TestBase:109 - =====Application Started=====
2020-11-23 14:59:11 INFO  TestBase:15 - ..........Test execution for getTitleOfThePage started...........
2020-11-23 14:59:11 INFO  TestBase:18 - Retrying Failed Test Case
2020-11-23 14:59:11 INFO  TestBase:39 - ..........Test getTitleOfThePage Execution Skipped!!!!!
2020-11-23 14:59:12 INFO  TestBase:45 - =====Browser Session End=====
2020-11-23 14:59:18 INFO  TestBase:109 - =====Application Started=====
2020-11-23 14:59:29 INFO  TestBase:15 - ..........Test execution for getTitleOfThePage started...........
2020-11-23 14:59:29 INFO  TestBase:22 - Test getTitleOfThePage Passed....
2020-11-23 14:59:30 INFO  TestBase:45 - =====Browser Session End=====
2020-11-23 14:59:36 INFO  TestBase:109 - =====Application Started=====
2020-11-23 14:59:47 INFO  TestBase:15 - ..........Test execution for getTitleOfThePage started...........
2020-11-23 14:59:47 INFO  TestBase:22 - Test getTitleOfThePage Passed....
2020-11-23 14:59:47 INFO  TestBase:43 - =====Browser Session End=====
2020-11-23 14:59:54 INFO  TestBase:109 - =====Application Started=====
2020-11-23 14:59:56 INFO  TestBase:15 - ..........Test execution for fillSignUpFormWithNegativeTestData started...........
2020-11-23 14:59:57 INFO  TestBase:22 - Test fillSignUpFormWithNegativeTestData Passed....
2020-11-23 14:59:58 INFO  TestBase:155 - =====Browser Session End=====
2020-11-23 15:00:04 INFO  TestBase:109 - =====Application Started=====
2020-11-23 15:00:05 INFO  TestBase:15 - ..........Test execution for fillSignUpFormWithNegativeTestData started...........
2020-11-23 15:00:07 INFO  TestBase:22 - Test fillSignUpFormWithNegativeTestData Passed....
2020-11-23 15:00:08 INFO  TestBase:155 - =====Browser Session End=====
2020-11-23 15:00:13 INFO  TestBase:109 - =====Application Started=====
2020-11-23 15:00:24 INFO  TestBase:15 - ..........Test execution for test started...........
2020-11-23 15:00:24 INFO  TestBase:22 - Test test Passed....
2020-11-23 15:00:25 INFO  TestBase:155 - =====Browser Session End=====
2020-11-23 20:00:02 INFO  TestBase:109 - =====Application Started=====
2020-11-23 20:00:09 INFO  TestBase:15 - ..........Test execution for getTitleOfThePage started...........
2020-11-23 20:00:10 INFO  TestBase:22 - Test getTitleOfThePage Passed....
2020-11-23 20:00:12 INFO  TestBase:45 - =====Browser Session End=====
2020-11-23 20:00:17 INFO  TestBase:109 - =====Application Started=====
2020-11-23 20:00:29 INFO  TestBase:15 - ..........Test execution for getTitleOfThePage started...........
2020-11-23 20:00:29 INFO  TestBase:22 - Test getTitleOfThePage Passed....
2020-11-23 20:00:31 INFO  TestBase:43 - =====Browser Session End=====
2020-11-23 20:00:37 INFO  TestBase:109 - =====Application Started=====
2020-11-23 20:00:46 INFO  TestBase:15 - ..........Test execution for fillSignUpFormWithNegativeTestData started...........
2020-11-23 20:00:46 INFO  TestBase:22 - Test fillSignUpFormWithNegativeTestData Passed....
2020-11-23 20:00:48 INFO  TestBase:155 - =====Browser Session End=====
2020-11-23 20:00:54 INFO  TestBase:109 - =====Application Started=====
2020-11-23 20:00:57 INFO  TestBase:15 - ..........Test execution for fillSignUpFormWithNegativeTestData started...........
2020-11-23 20:01:01 INFO  TestBase:22 - Test fillSignUpFormWithNegativeTestData Passed....
2020-11-23 20:01:03 INFO  TestBase:155 - =====Browser Session End=====
2020-11-23 20:01:09 INFO  TestBase:109 - =====Application Started=====
2020-11-23 20:01:17 INFO  TestBase:15 - ..........Test execution for test started...........
2020-11-23 20:01:17 INFO  TestBase:22 - Test test Passed....
2020-11-23 20:01:20 INFO  TestBase:155 - =====Browser Session End=====
2020-11-23 21:56:10 INFO  TestBase:109 - =====Application Started=====
2020-11-23 21:56:19 INFO  TestBase:51 - =====Browser Session End=====
2020-11-23 21:56:26 INFO  TestBase:109 - =====Application Started=====
2020-11-23 21:56:45 INFO  TestBase:51 - =====Browser Session End=====
2020-11-23 21:56:51 INFO  TestBase:109 - =====Application Started=====
2020-11-23 21:57:09 INFO  TestBase:43 - =====Browser Session End=====
2020-11-23 21:57:14 INFO  TestBase:109 - =====Application Started=====
2020-11-23 21:57:36 INFO  TestBase:45 - =====Browser Session End=====
2020-11-23 21:57:43 INFO  TestBase:109 - =====Application Started=====
2020-11-23 21:57:54 INFO  TestBase:155 - =====Browser Session End=====
2020-11-23 21:58:01 INFO  TestBase:109 - =====Application Started=====
2020-11-23 21:58:10 INFO  TestBase:155 - =====Browser Session End=====
2020-11-23 21:58:17 INFO  TestBase:109 - =====Application Started=====
2020-11-23 21:58:29 INFO  TestBase:155 - =====Browser Session End=====
2020-11-24 12:16:10 INFO  TestBase:109 - =====Application Started=====
2020-11-24 12:16:34 INFO  TestBase:45 - =====Browser Session End=====
2020-11-24 12:17:18 INFO  TestBase:109 - =====Application Started=====
2020-11-24 12:17:46 INFO  TestBase:45 - =====Browser Session End=====
2020-11-24 12:18:23 INFO  TestBase:109 - =====Application Started=====
2020-11-24 12:18:46 INFO  TestBase:46 - =====Browser Session End=====
2020-12-10 21:50:59 INFO  TestBase:109 - =====Application Started=====
2020-12-10 21:51:16 INFO  TestBase:51 - =====Browser Session End=====
2020-12-10 21:51:21 INFO  TestBase:109 - =====Application Started=====
2020-12-10 21:51:48 INFO  TestBase:51 - =====Browser Session End=====
2020-12-10 21:51:53 INFO  TestBase:109 - =====Application Started=====
2020-12-10 21:52:09 INFO  TestBase:43 - =====Browser Session End=====
2020-12-10 21:52:14 INFO  TestBase:109 - =====Application Started=====
2020-12-10 21:52:29 INFO  TestBase:46 - =====Browser Session End=====
2020-12-10 21:52:36 INFO  TestBase:109 - =====Application Started=====
2020-12-10 21:52:46 INFO  TestBase:155 - =====Browser Session End=====
2020-12-10 21:52:50 INFO  TestBase:109 - =====Application Started=====
2020-12-10 21:52:58 INFO  TestBase:155 - =====Browser Session End=====
2020-12-10 21:53:02 INFO  TestBase:109 - =====Application Started=====
2020-12-10 21:53:14 INFO  TestBase:155 - =====Browser Session End=====
2020-12-10 22:05:39 INFO  TestBase:109 - =====Application Started=====
2020-12-10 22:05:58 INFO  TestBase:51 - =====Browser Session End=====
2020-12-10 22:06:03 INFO  TestBase:109 - =====Application Started=====
2020-12-10 22:06:37 INFO  TestBase:109 - =====Application Started=====
2020-12-10 22:06:58 INFO  TestBase:43 - =====Browser Session End=====
2020-12-10 22:07:03 INFO  TestBase:109 - =====Application Started=====
2020-12-10 22:07:19 INFO  TestBase:46 - =====Browser Session End=====
2020-12-10 22:07:26 INFO  TestBase:109 - =====Application Started=====
2020-12-10 22:25:53 INFO  TestBase:109 - =====Application Started=====
2020-12-10 22:26:16 INFO  TestBase:51 - =====Browser Session End=====
2020-12-10 22:26:21 INFO  TestBase:109 - =====Application Started=====
2020-12-10 22:26:43 INFO  TestBase:51 - =====Browser Session End=====
2020-12-10 22:26:49 INFO  TestBase:109 - =====Application Started=====
2020-12-10 22:27:15 INFO  TestBase:43 - =====Browser Session End=====
2020-12-10 22:27:21 INFO  TestBase:109 - =====Application Started=====
2020-12-10 22:27:43 INFO  TestBase:46 - =====Browser Session End=====
2020-12-10 22:27:48 INFO  TestBase:109 - =====Application Started=====
2020-12-10 22:31:53 INFO  TestBase:109 - =====Application Started=====
2020-12-10 22:32:12 INFO  TestBase:51 - =====Browser Session End=====
2020-12-10 22:32:17 INFO  TestBase:109 - =====Application Started=====
2020-12-10 22:32:41 INFO  TestBase:51 - =====Browser Session End=====
2020-12-10 22:32:47 INFO  TestBase:109 - =====Application Started=====
2020-12-10 22:33:04 INFO  TestBase:43 - =====Browser Session End=====
2020-12-10 22:33:09 INFO  TestBase:109 - =====Application Started=====
2020-12-10 22:33:22 INFO  TestBase:46 - =====Browser Session End=====
2020-12-10 22:33:27 INFO  TestBase:109 - =====Application Started=====
2020-12-10 22:33:38 INFO  TestBase:155 - =====Browser Session End=====
2020-12-10 22:33:43 INFO  TestBase:109 - =====Application Started=====
2020-12-10 22:33:54 INFO  TestBase:155 - =====Browser Session End=====
2020-12-10 22:33:59 INFO  TestBase:109 - =====Application Started=====
2020-12-10 22:34:14 INFO  TestBase:155 - =====Browser Session End=====
2020-12-11 11:41:21 INFO  TestBase:109 - =====Application Started=====
2020-12-11 11:41:31 INFO  TestBase:51 - =====Browser Session End=====
2020-12-11 11:41:36 INFO  TestBase:109 - =====Application Started=====
2020-12-11 11:41:56 INFO  TestBase:51 - =====Browser Session End=====
2020-12-11 11:42:00 INFO  TestBase:109 - =====Application Started=====
2020-12-11 11:42:15 INFO  TestBase:43 - =====Browser Session End=====
2020-12-11 11:42:20 INFO  TestBase:109 - =====Application Started=====
2020-12-11 11:42:32 INFO  TestBase:46 - =====Browser Session End=====
2020-12-11 11:42:38 INFO  TestBase:109 - =====Application Started=====
2020-12-11 11:42:53 INFO  TestBase:155 - =====Browser Session End=====
2020-12-11 11:42:58 INFO  TestBase:109 - =====Application Started=====
2020-12-11 11:43:10 INFO  TestBase:155 - =====Browser Session End=====
2020-12-11 11:43:14 INFO  TestBase:109 - =====Application Started=====
2020-12-11 11:43:28 INFO  TestBase:155 - =====Browser Session End=====
2020-12-11 11:53:05 INFO  TestBase:109 - =====Application Started=====
2020-12-11 11:53:18 INFO  TestBase:51 - =====Browser Session End=====
2020-12-11 11:53:23 INFO  TestBase:109 - =====Application Started=====
2020-12-11 11:53:46 INFO  TestBase:51 - =====Browser Session End=====
2020-12-11 11:53:51 INFO  TestBase:109 - =====Application Started=====
2020-12-11 11:54:06 INFO  TestBase:43 - =====Browser Session End=====
2020-12-11 11:54:10 INFO  TestBase:109 - =====Application Started=====
2020-12-11 11:54:24 INFO  TestBase:46 - =====Browser Session End=====
2020-12-11 11:54:29 INFO  TestBase:109 - =====Application Started=====
2020-12-11 11:54:40 INFO  TestBase:155 - =====Browser Session End=====
2020-12-11 11:54:45 INFO  TestBase:109 - =====Application Started=====
2020-12-11 11:54:56 INFO  TestBase:155 - =====Browser Session End=====
2020-12-11 11:55:01 INFO  TestBase:109 - =====Application Started=====
2020-12-11 11:55:11 INFO  TestBase:155 - =====Browser Session End=====
2020-12-11 12:07:10 INFO  TestBase:109 - =====Application Started=====
2020-12-11 12:07:16 INFO  TestBase:51 - =====Browser Session End=====
2020-12-11 12:07:20 INFO  TestBase:109 - =====Application Started=====
2020-12-11 12:07:41 INFO  TestBase:51 - =====Browser Session End=====
2020-12-11 12:07:46 INFO  TestBase:109 - =====Application Started=====
2020-12-11 12:08:00 INFO  TestBase:43 - =====Browser Session End=====
2020-12-11 12:08:05 INFO  TestBase:109 - =====Application Started=====
2020-12-11 12:08:21 INFO  TestBase:46 - =====Browser Session End=====
2020-12-11 12:08:26 INFO  TestBase:109 - =====Application Started=====
2020-12-11 12:08:32 INFO  TestBase:155 - =====Browser Session End=====
2020-12-11 12:08:36 INFO  TestBase:109 - =====Application Started=====
2020-12-11 12:08:50 INFO  TestBase:155 - =====Browser Session End=====
2020-12-11 12:08:55 INFO  TestBase:109 - =====Application Started=====
2020-12-11 12:09:04 INFO  TestBase:155 - =====Browser Session End=====
2020-12-11 12:09:36 INFO  TestBase:109 - =====Application Started=====
2020-12-11 12:09:44 INFO  TestBase:51 - =====Browser Session End=====
2020-12-11 12:09:49 INFO  TestBase:109 - =====Application Started=====
2020-12-11 12:10:06 INFO  TestBase:51 - =====Browser Session End=====
2020-12-11 12:10:11 INFO  TestBase:109 - =====Application Started=====
2020-12-11 12:10:22 INFO  TestBase:43 - =====Browser Session End=====
2020-12-11 12:10:27 INFO  TestBase:109 - =====Application Started=====
2020-12-11 12:10:54 INFO  TestBase:109 - =====Application Started=====
2020-12-11 12:11:07 INFO  TestBase:155 - =====Browser Session End=====
2020-12-11 12:11:12 INFO  TestBase:109 - =====Application Started=====
2020-12-11 12:11:26 INFO  TestBase:155 - =====Browser Session End=====
2020-12-11 12:11:31 INFO  TestBase:109 - =====Application Started=====
2020-12-11 12:11:46 INFO  TestBase:155 - =====Browser Session End=====
2020-12-11 12:13:20 INFO  TestBase:109 - =====Application Started=====
2020-12-11 12:13:37 INFO  TestBase:51 - =====Browser Session End=====
2020-12-11 12:13:41 INFO  TestBase:109 - =====Application Started=====
2020-12-11 12:14:01 INFO  TestBase:51 - =====Browser Session End=====
2020-12-11 12:14:06 INFO  TestBase:109 - =====Application Started=====
2020-12-11 12:14:21 INFO  TestBase:43 - =====Browser Session End=====
2020-12-11 12:14:26 INFO  TestBase:109 - =====Application Started=====
2020-12-11 12:14:41 INFO  TestBase:46 - =====Browser Session End=====
2020-12-11 12:14:47 INFO  TestBase:109 - =====Application Started=====
2020-12-11 12:15:02 INFO  TestBase:155 - =====Browser Session End=====
2020-12-11 12:15:07 INFO  TestBase:109 - =====Application Started=====
2020-12-11 12:15:17 INFO  TestBase:155 - =====Browser Session End=====
2020-12-11 12:15:22 INFO  TestBase:109 - =====Application Started=====
2020-12-11 12:15:33 INFO  TestBase:155 - =====Browser Session End=====
2020-12-11 12:18:29 INFO  TestBase:109 - =====Application Started=====
2020-12-11 12:18:37 INFO  TestBase:51 - =====Browser Session End=====
2020-12-11 12:18:42 INFO  TestBase:109 - =====Application Started=====
2020-12-11 12:19:02 INFO  TestBase:51 - =====Browser Session End=====
2020-12-11 12:19:07 INFO  TestBase:109 - =====Application Started=====
2020-12-11 12:19:19 INFO  TestBase:43 - =====Browser Session End=====
2020-12-11 12:19:24 INFO  TestBase:109 - =====Application Started=====
2020-12-11 12:19:45 INFO  TestBase:53 - =====Browser Session End=====
2020-12-11 12:19:50 INFO  TestBase:109 - =====Application Started=====
2020-12-11 12:20:02 INFO  TestBase:155 - =====Browser Session End=====
2020-12-11 12:20:07 INFO  TestBase:109 - =====Application Started=====
2020-12-11 12:20:15 INFO  TestBase:155 - =====Browser Session End=====
2020-12-11 12:20:20 INFO  TestBase:109 - =====Application Started=====
2020-12-11 12:20:26 INFO  TestBase:155 - =====Browser Session End=====
2020-12-11 12:25:28 INFO  TestBase:109 - =====Application Started=====
2020-12-11 12:25:35 INFO  TestBase:51 - =====Browser Session End=====
2020-12-11 12:25:41 INFO  TestBase:109 - =====Application Started=====
2020-12-11 12:26:05 INFO  TestBase:51 - =====Browser Session End=====
2020-12-11 12:26:10 INFO  TestBase:109 - =====Application Started=====
2020-12-11 12:26:29 INFO  TestBase:43 - =====Browser Session End=====
2020-12-11 12:26:34 INFO  TestBase:109 - =====Application Started=====
2020-12-11 12:26:59 INFO  TestBase:53 - =====Browser Session End=====
2020-12-11 12:27:05 INFO  TestBase:109 - =====Application Started=====
2020-12-11 12:27:19 INFO  TestBase:155 - =====Browser Session End=====
2020-12-11 12:27:24 INFO  TestBase:109 - =====Application Started=====
2020-12-11 12:27:35 INFO  TestBase:155 - =====Browser Session End=====
2020-12-11 12:27:40 INFO  TestBase:109 - =====Application Started=====
2020-12-11 12:27:50 INFO  TestBase:155 - =====Browser Session End=====
2020-12-11 12:29:42 INFO  TestBase:109 - =====Application Started=====
2020-12-11 12:29:50 INFO  TestBase:51 - =====Browser Session End=====
2020-12-11 12:29:55 INFO  TestBase:109 - =====Application Started=====
2020-12-11 12:30:08 INFO  TestBase:51 - =====Browser Session End=====
2020-12-11 12:30:13 INFO  TestBase:109 - =====Application Started=====
2020-12-11 12:30:24 INFO  TestBase:43 - =====Browser Session End=====
2020-12-11 12:30:29 INFO  TestBase:109 - =====Application Started=====
2020-12-11 12:30:51 INFO  TestBase:53 - =====Browser Session End=====
2020-12-11 12:30:56 INFO  TestBase:109 - =====Application Started=====
2020-12-11 12:31:03 INFO  TestBase:155 - =====Browser Session End=====
2020-12-11 12:31:08 INFO  TestBase:109 - =====Application Started=====
2020-12-11 12:31:20 INFO  TestBase:155 - =====Browser Session End=====
2020-12-11 12:31:25 INFO  TestBase:109 - =====Application Started=====
2020-12-11 12:31:30 INFO  TestBase:155 - =====Browser Session End=====
2020-12-12 23:23:01 INFO  TestBase:109 - =====Application Started=====
2020-12-12 23:23:15 INFO  TestBase:51 - =====Browser Session End=====
2020-12-12 23:23:20 INFO  TestBase:109 - =====Application Started=====
2020-12-12 23:23:34 INFO  TestBase:51 - =====Browser Session End=====
2020-12-12 23:23:39 INFO  TestBase:109 - =====Application Started=====
2020-12-12 23:23:48 INFO  TestBase:43 - =====Browser Session End=====
2020-12-12 23:23:54 INFO  TestBase:109 - =====Application Started=====
2020-12-12 23:24:10 INFO  TestBase:53 - =====Browser Session End=====
2020-12-12 23:24:16 INFO  TestBase:109 - =====Application Started=====
2020-12-12 23:24:31 INFO  TestBase:155 - =====Browser Session End=====
2020-12-12 23:24:36 INFO  TestBase:109 - =====Application Started=====
2020-12-12 23:24:44 INFO  TestBase:155 - =====Browser Session End=====
2020-12-12 23:24:49 INFO  TestBase:109 - =====Application Started=====
2020-12-12 23:24:55 INFO  TestBase:155 - =====Browser Session End=====
2020-12-12 23:26:31 INFO  TestBase:109 - =====Application Started=====
2020-12-12 23:26:45 INFO  TestBase:51 - =====Browser Session End=====
2020-12-12 23:26:50 INFO  TestBase:109 - =====Application Started=====
2020-12-12 23:27:04 INFO  TestBase:51 - =====Browser Session End=====
2020-12-12 23:27:08 INFO  TestBase:109 - =====Application Started=====
2020-12-12 23:27:20 INFO  TestBase:43 - =====Browser Session End=====
2020-12-12 23:27:24 INFO  TestBase:109 - =====Application Started=====
2020-12-12 23:28:08 INFO  TestBase:53 - =====Browser Session End=====
2020-12-12 23:28:13 INFO  TestBase:109 - =====Application Started=====
2020-12-12 23:28:25 INFO  TestBase:155 - =====Browser Session End=====
2020-12-12 23:28:30 INFO  TestBase:109 - =====Application Started=====
2020-12-12 23:28:40 INFO  TestBase:155 - =====Browser Session End=====
2020-12-12 23:28:45 INFO  TestBase:109 - =====Application Started=====
2020-12-12 23:28:54 INFO  TestBase:155 - =====Browser Session End=====
2020-12-12 23:42:32 INFO  TestBase:109 - =====Application Started=====
2020-12-12 23:42:40 INFO  TestBase:51 - =====Browser Session End=====
2020-12-12 23:42:45 INFO  TestBase:109 - =====Application Started=====
2020-12-12 23:43:03 INFO  TestBase:51 - =====Browser Session End=====
2020-12-12 23:43:08 INFO  TestBase:109 - =====Application Started=====
2020-12-12 23:43:20 INFO  TestBase:43 - =====Browser Session End=====
2020-12-12 23:43:25 INFO  TestBase:109 - =====Application Started=====
2020-12-12 23:44:06 INFO  TestBase:53 - =====Browser Session End=====
2020-12-12 23:44:11 INFO  TestBase:109 - =====Application Started=====
2020-12-12 23:44:22 INFO  TestBase:155 - =====Browser Session End=====
2020-12-12 23:44:28 INFO  TestBase:109 - =====Application Started=====
2020-12-12 23:44:40 INFO  TestBase:155 - =====Browser Session End=====
2020-12-12 23:44:45 INFO  TestBase:109 - =====Application Started=====
2020-12-12 23:44:49 INFO  TestBase:155 - =====Browser Session End=====
2020-12-12 23:46:48 INFO  TestBase:109 - =====Application Started=====
2020-12-12 23:46:54 INFO  TestBase:51 - =====Browser Session End=====
2020-12-12 23:46:59 INFO  TestBase:109 - =====Application Started=====
2020-12-12 23:47:19 INFO  TestBase:51 - =====Browser Session End=====
2020-12-12 23:47:23 INFO  TestBase:109 - =====Application Started=====
2020-12-12 23:47:43 INFO  TestBase:43 - =====Browser Session End=====
2020-12-12 23:47:48 INFO  TestBase:109 - =====Application Started=====
2020-12-12 23:48:35 INFO  TestBase:53 - =====Browser Session End=====
2020-12-12 23:48:41 INFO  TestBase:109 - =====Application Started=====
2020-12-12 23:48:49 INFO  TestBase:155 - =====Browser Session End=====
2020-12-12 23:48:54 INFO  TestBase:109 - =====Application Started=====
2020-12-12 23:49:04 INFO  TestBase:155 - =====Browser Session End=====
2020-12-12 23:49:10 INFO  TestBase:109 - =====Application Started=====
2020-12-12 23:49:13 INFO  TestBase:155 - =====Browser Session End=====
2020-12-12 23:52:55 INFO  TestBase:109 - =====Application Started=====
2020-12-12 23:53:11 INFO  TestBase:51 - =====Browser Session End=====
2020-12-12 23:53:16 INFO  TestBase:109 - =====Application Started=====
2020-12-12 23:53:29 INFO  TestBase:51 - =====Browser Session End=====
2020-12-12 23:53:34 INFO  TestBase:109 - =====Application Started=====
2020-12-12 23:53:47 INFO  TestBase:43 - =====Browser Session End=====
2020-12-12 23:53:52 INFO  TestBase:109 - =====Application Started=====
2020-12-12 23:54:30 INFO  TestBase:53 - =====Browser Session End=====
2020-12-12 23:54:36 INFO  TestBase:109 - =====Application Started=====
2020-12-12 23:54:47 INFO  TestBase:155 - =====Browser Session End=====
2020-12-12 23:54:51 INFO  TestBase:109 - =====Application Started=====
2020-12-12 23:55:01 INFO  TestBase:155 - =====Browser Session End=====
2020-12-12 23:55:05 INFO  TestBase:109 - =====Application Started=====
2020-12-12 23:55:17 INFO  TestBase:155 - =====Browser Session End=====
2020-12-17 22:07:39 INFO  TestBase:109 - =====Application Started=====
2020-12-17 22:07:57 INFO  TestBase:51 - =====Browser Session End=====
2020-12-17 22:08:01 INFO  TestBase:109 - =====Application Started=====
2020-12-17 22:08:13 INFO  TestBase:51 - =====Browser Session End=====
2020-12-17 22:08:18 INFO  TestBase:109 - =====Application Started=====
2020-12-17 22:08:32 INFO  TestBase:43 - =====Browser Session End=====
2020-12-17 22:08:37 INFO  TestBase:109 - =====Application Started=====
2020-12-17 22:09:24 INFO  TestBase:53 - =====Browser Session End=====
2020-12-17 22:09:30 INFO  TestBase:109 - =====Application Started=====
2020-12-17 22:09:44 INFO  TestBase:155 - =====Browser Session End=====
2020-12-17 22:09:48 INFO  TestBase:109 - =====Application Started=====
2020-12-17 22:10:02 INFO  TestBase:155 - =====Browser Session End=====
2020-12-17 22:10:07 INFO  TestBase:109 - =====Application Started=====
2020-12-17 22:10:19 INFO  TestBase:155 - =====Browser Session End=====
2020-12-22 13:05:59 INFO  TestBase:109 - =====Application Started=====
2020-12-22 13:06:08 INFO  TestBase:15 - ..........Test execution for getTitleOfThePage started...........
2020-12-22 13:06:48 INFO  TestBase:22 - Test getTitleOfThePage Passed....
2020-12-22 13:06:50 INFO  TestBase:53 - =====Browser Session End=====
2020-12-22 13:06:55 INFO  TestBase:109 - =====Application Started=====
2020-12-22 13:07:08 INFO  TestBase:15 - ..........Test execution for getTitleOfThePage started...........
2020-12-22 13:07:18 INFO  TestBase:22 - Test getTitleOfThePage Passed....
2020-12-22 13:07:20 INFO  TestBase:43 - =====Browser Session End=====
2020-12-22 13:07:26 INFO  TestBase:109 - =====Application Started=====
2020-12-22 13:07:29 INFO  TestBase:15 - ..........Test execution for fillSignUpFormWithNegativeTestData started...........
2020-12-22 13:07:30 INFO  TestBase:22 - Test fillSignUpFormWithNegativeTestData Passed....
2020-12-22 13:07:32 INFO  TestBase:155 - =====Browser Session End=====
2020-12-22 13:07:37 INFO  TestBase:109 - =====Application Started=====
2020-12-22 13:07:48 INFO  TestBase:15 - ..........Test execution for fillSignUpFormWithNegativeTestData started...........
2020-12-22 13:07:49 INFO  TestBase:22 - Test fillSignUpFormWithNegativeTestData Passed....
2020-12-22 13:07:51 INFO  TestBase:155 - =====Browser Session End=====
2020-12-22 13:07:56 INFO  TestBase:109 - =====Application Started=====
2020-12-22 13:07:59 INFO  TestBase:15 - ..........Test execution for test started...........
2020-12-22 13:07:59 INFO  TestBase:22 - Test test Passed....
2020-12-22 13:08:01 INFO  TestBase:155 - =====Browser Session End=====
2020-12-23 11:24:10 INFO  TestBase:109 - =====Application Started=====
2020-12-23 11:25:42 INFO  TestBase:51 - =====Browser Session End=====
2020-12-26 01:01:33 INFO  TestBase:116 - =====Application Started=====
2020-12-26 01:01:51 INFO  TestBase:52 - =====Browser Session End=====
2020-12-26 01:05:53 INFO  TestBase:116 - =====Application Started=====
2020-12-26 01:06:17 INFO  TestBase:53 - =====Browser Session End=====
2021-07-05 13:57:02 INFO  TestBase:117 - =====Application Started=====
2021-07-05 13:57:09 INFO  TestBase:51 - =====Browser Session End=====
2021-07-05 13:57:13 INFO  TestBase:117 - =====Application Started=====
2021-07-05 13:57:18 INFO  TestBase:51 - =====Browser Session End=====
2021-07-05 13:57:23 INFO  TestBase:117 - =====Application Started=====
2021-07-05 13:57:29 INFO  TestBase:51 - =====Browser Session End=====
2021-07-05 13:57:33 INFO  TestBase:117 - =====Application Started=====
2021-07-05 13:57:48 INFO  TestBase:43 - =====Browser Session End=====
2021-07-05 13:57:53 INFO  TestBase:117 - =====Application Started=====
2021-07-05 13:58:09 INFO  TestBase:53 - =====Browser Session End=====
2021-07-05 13:58:13 INFO  TestBase:117 - =====Application Started=====
2021-07-05 13:58:17 INFO  TestBase:157 - =====Browser Session End=====
2021-07-05 14:01:32 INFO  TestBase:117 - =====Application Started=====
2021-07-05 14:01:38 INFO  TestBase:51 - =====Browser Session End=====
2021-07-05 14:01:42 INFO  TestBase:117 - =====Application Started=====
2021-07-05 14:01:47 INFO  TestBase:51 - =====Browser Session End=====
2021-07-05 14:01:52 INFO  TestBase:117 - =====Application Started=====
2021-07-05 14:01:58 INFO  TestBase:157 - =====Browser Session End=====
2021-07-05 14:05:44 INFO  TestBase:117 - =====Application Started=====
2021-07-05 14:05:50 INFO  TestBase:51 - =====Browser Session End=====
2021-07-05 14:05:54 INFO  TestBase:117 - =====Application Started=====
2021-07-05 14:06:00 INFO  TestBase:51 - =====Browser Session End=====
2021-07-05 14:06:04 INFO  TestBase:117 - =====Application Started=====
2021-07-05 14:06:08 INFO  TestBase:157 - =====Browser Session End=====
2021-07-05 14:07:44 INFO  TestBase:117 - =====Application Started=====
2021-07-05 14:07:50 INFO  TestBase:51 - =====Browser Session End=====
2021-07-05 14:07:54 INFO  TestBase:117 - =====Application Started=====
2021-07-05 14:07:59 INFO  TestBase:51 - =====Browser Session End=====
2021-07-05 14:08:03 INFO  TestBase:117 - =====Application Started=====
2021-07-05 14:08:08 INFO  TestBase:157 - =====Browser Session End=====
2021-07-05 14:08:37 INFO  TestBase:117 - =====Application Started=====
2021-07-05 14:08:43 INFO  TestBase:51 - =====Browser Session End=====
2021-07-05 14:08:47 INFO  TestBase:117 - =====Application Started=====
2021-07-05 14:08:54 INFO  TestBase:51 - =====Browser Session End=====
2021-07-05 14:08:58 INFO  TestBase:117 - =====Application Started=====
2021-07-05 14:09:09 INFO  TestBase:157 - =====Browser Session End=====
2021-07-05 14:14:06 INFO  TestBase:117 - =====Application Started=====
2021-07-05 14:14:12 INFO  TestBase:51 - =====Browser Session End=====
2021-07-05 14:14:16 INFO  TestBase:117 - =====Application Started=====
2021-07-05 14:14:22 INFO  TestBase:51 - =====Browser Session End=====
2021-07-05 14:14:26 INFO  TestBase:117 - =====Application Started=====
2021-07-05 14:14:30 INFO  TestBase:157 - =====Browser Session End=====
2021-07-15 20:55:44 INFO  TestBase:117 - =====Application Started=====
2021-07-15 20:55:51 INFO  TestBase:51 - =====Browser Session End=====
2021-07-15 20:55:55 INFO  TestBase:117 - =====Application Started=====
2021-07-15 20:56:01 INFO  TestBase:51 - =====Browser Session End=====
2021-07-15 20:56:05 INFO  TestBase:117 - =====Application Started=====
2021-07-15 20:56:09 INFO  TestBase:157 - =====Browser Session End=====
2021-07-15 21:07:21 INFO  TestBase:117 - =====Application Started=====
2021-07-15 21:07:28 INFO  TestBase:51 - =====Browser Session End=====
2021-07-15 21:07:32 INFO  TestBase:117 - =====Application Started=====
2021-07-15 21:07:38 INFO  TestBase:51 - =====Browser Session End=====
2021-07-15 21:07:42 INFO  TestBase:117 - =====Application Started=====
2021-07-15 21:07:46 INFO  TestBase:157 - =====Browser Session End=====
2021-07-15 21:10:16 INFO  TestBase:117 - =====Application Started=====
2021-07-15 21:10:24 INFO  TestBase:58 - =====Browser Session End=====
2021-07-15 21:10:27 INFO  TestBase:117 - =====Application Started=====
2021-07-15 21:10:34 INFO  TestBase:58 - =====Browser Session End=====
2021-07-15 21:10:38 INFO  TestBase:117 - =====Application Started=====
2021-07-15 21:10:44 INFO  TestBase:58 - =====Browser Session End=====
2021-07-15 21:10:48 INFO  TestBase:117 - =====Application Started=====
2021-07-15 21:10:52 INFO  TestBase:157 - =====Browser Session End=====
2021-07-15 21:12:38 INFO  TestBase:117 - =====Application Started=====
2021-07-15 21:12:46 INFO  TestBase:58 - =====Browser Session End=====
2021-07-15 21:12:50 INFO  TestBase:117 - =====Application Started=====
2021-07-15 21:12:56 INFO  TestBase:58 - =====Browser Session End=====
2021-07-15 21:13:00 INFO  TestBase:117 - =====Application Started=====
2021-07-15 21:13:10 INFO  TestBase:58 - =====Browser Session End=====
2021-07-15 21:13:15 INFO  TestBase:117 - =====Application Started=====
2021-07-15 21:13:20 INFO  TestBase:157 - =====Browser Session End=====
2021-07-15 21:17:18 INFO  TestBase:117 - =====Application Started=====
2021-07-15 21:17:25 INFO  TestBase:58 - =====Browser Session End=====
2021-07-15 21:17:29 INFO  TestBase:117 - =====Application Started=====
2021-07-15 21:17:36 INFO  TestBase:58 - =====Browser Session End=====
2021-07-15 21:17:40 INFO  TestBase:117 - =====Application Started=====
2021-07-15 21:17:46 INFO  TestBase:58 - =====Browser Session End=====
2021-07-15 21:17:50 INFO  TestBase:117 - =====Application Started=====
2021-07-15 21:17:55 INFO  TestBase:157 - =====Browser Session End=====
2021-07-15 21:21:45 INFO  TestBase:117 - =====Application Started=====
2021-07-15 21:21:51 INFO  TestBase:58 - =====Browser Session End=====
2021-07-15 21:21:54 INFO  TestBase:117 - =====Application Started=====
2021-07-15 21:21:59 INFO  TestBase:58 - =====Browser Session End=====
2021-07-15 21:22:03 INFO  TestBase:117 - =====Application Started=====
2021-07-15 21:22:09 INFO  TestBase:58 - =====Browser Session End=====
2021-07-15 21:22:13 INFO  TestBase:117 - =====Application Started=====
2021-07-15 21:22:17 INFO  TestBase:157 - =====Browser Session End=====
2021-07-25 20:33:37 INFO  TestBase:117 - =====Application Started=====
2021-07-25 20:33:44 INFO  TestBase:58 - =====Browser Session End=====
2021-07-25 20:33:47 INFO  TestBase:117 - =====Application Started=====
2021-07-25 20:34:01 INFO  TestBase:58 - =====Browser Session End=====
2021-07-25 20:34:05 INFO  TestBase:117 - =====Application Started=====
2021-07-25 20:34:13 INFO  TestBase:58 - =====Browser Session End=====
2021-07-25 20:34:16 INFO  TestBase:117 - =====Application Started=====
2021-07-25 20:34:21 INFO  TestBase:157 - =====Browser Session End=====
2021-07-25 20:42:10 INFO  TestBase:117 - =====Application Started=====
2021-07-25 20:42:21 INFO  TestBase:58 - =====Browser Session End=====
2021-07-25 20:42:24 INFO  TestBase:117 - =====Application Started=====
2021-07-25 20:42:31 INFO  TestBase:58 - =====Browser Session End=====
2021-07-25 20:42:33 INFO  TestBase:117 - =====Application Started=====
2021-07-25 20:42:43 INFO  TestBase:58 - =====Browser Session End=====
2021-07-25 20:42:47 INFO  TestBase:117 - =====Application Started=====
2021-07-25 20:42:51 INFO  TestBase:157 - =====Browser Session End=====
2021-07-25 20:49:06 INFO  TestBase:117 - =====Application Started=====
2021-07-25 20:49:14 INFO  TestBase:58 - =====Browser Session End=====
2021-07-25 20:49:17 INFO  TestBase:117 - =====Application Started=====
2021-07-25 20:49:38 INFO  TestBase:58 - =====Browser Session End=====
2021-07-25 20:49:40 INFO  TestBase:117 - =====Application Started=====
2021-07-25 20:49:49 INFO  TestBase:58 - =====Browser Session End=====
2021-07-25 20:49:51 INFO  TestBase:117 - =====Application Started=====
2021-07-25 20:49:56 INFO  TestBase:157 - =====Browser Session End=====
2021-12-11 20:23:02 INFO  TestBase:117 - =====Application Started=====
2021-12-17 08:53:41 INFO  TestBase:117 - =====Application Started=====
2021-12-17 08:53:47 INFO  TestBase:157 - =====Browser Session End=====
2021-12-17 08:53:50 INFO  TestBase:117 - =====Application Started=====
2021-12-17 08:53:56 INFO  TestBase:157 - =====Browser Session End=====
2021-12-17 08:53:58 INFO  TestBase:117 - =====Application Started=====
2021-12-17 08:54:03 INFO  TestBase:157 - =====Browser Session End=====
2021-12-23 16:27:16 INFO  TestBase:117 - =====Application Started=====
2021-12-23 16:27:23 INFO  TestBase:117 - =====Application Started=====
2021-12-23 16:27:28 INFO  TestBase:157 - =====Browser Session End=====
2021-12-23 16:29:41 INFO  TestBase:117 - =====Application Started=====
2021-12-23 16:29:48 INFO  TestBase:117 - =====Application Started=====
2021-12-23 16:29:53 INFO  TestBase:157 - =====Browser Session End=====
